<?xml version="1.0" encoding="UTF-8"?>
<testsuite name="kind.time.HoursTest" tests="3" skipped="0" failures="0" errors="0" timestamp="2020-10-29T14:55:17" hostname="TON-HCSHBH2" time="0.001">
  <properties/>
  <testcase name="testToMilliseconds" classname="kind.time.HoursTest" time="0.001"/>
  <testcase name="testToMinutes" classname="kind.time.HoursTest" time="0.0"/>
  <testcase name="testToSeconds" classname="kind.time.HoursTest" time="0.0"/>
  <system-out><![CDATA[]]></system-out>
  <system-err><![CDATA[]]></system-err>
</testsuite>
