<?xml version="1.0" encoding="UTF-8"?>
<testsuite name="kind.time.cal.CalendarDatesTest" tests="3" skipped="0" failures="0" errors="0" timestamp="2020-10-29T14:55:17" hostname="TON-HCSHBH2" time="0.002">
  <properties/>
  <testcase name="testAreEqualDates" classname="kind.time.cal.CalendarDatesTest" time="0.001"/>
  <testcase name="testAreEqualDatesWhenGivenNull" classname="kind.time.cal.CalendarDatesTest" time="0.0"/>
  <testcase name="testAreEqualDatesWhenNot" classname="kind.time.cal.CalendarDatesTest" time="0.001"/>
  <system-out><![CDATA[]]></system-out>
  <system-err><![CDATA[]]></system-err>
</testsuite>
