<?xml version="1.0" encoding="UTF-8"?>
<testsuite name="kind.time.cal.DatesTest" tests="3" skipped="0" failures="0" errors="0" timestamp="2020-10-29T14:55:17" hostname="TON-HCSHBH2" time="0.004">
  <properties/>
  <testcase name="testDaylightSavingsStart" classname="kind.time.cal.DatesTest" time="0.002"/>
  <testcase name="testIsDaylightSavings" classname="kind.time.cal.DatesTest" time="0.0"/>
  <testcase name="testDaylightSavingsEnd" classname="kind.time.cal.DatesTest" time="0.001"/>
  <system-out><![CDATA[]]></system-out>
  <system-err><![CDATA[]]></system-err>
</testsuite>
