<?xml version="1.0" encoding="UTF-8"?>
<testsuite name="kind.time.TimeTest" tests="6" skipped="0" failures="0" errors="0" timestamp="2020-10-29T14:55:17" hostname="TON-HCSHBH2" time="0.001">
  <properties/>
  <testcase name="testCurrentMonth" classname="kind.time.TimeTest" time="0.0"/>
  <testcase name="testNow" classname="kind.time.TimeTest" time="0.0"/>
  <testcase name="testCurrentDate" classname="kind.time.TimeTest" time="0.0"/>
  <testcase name="testCurrentYear" classname="kind.time.TimeTest" time="0.0"/>
  <testcase name="testNowWithPattern" classname="kind.time.TimeTest" time="0.001"/>
  <testcase name="testCurrentDayOfMonth" classname="kind.time.TimeTest" time="0.0"/>
  <system-out><![CDATA[]]></system-out>
  <system-err><![CDATA[]]></system-err>
</testsuite>
