<?xml version="1.0" encoding="UTF-8"?>
<testsuite name="kind.time.cal.ImmutableCalendarTest" tests="1" skipped="0" failures="0" errors="0" timestamp="2020-10-29T14:55:17" hostname="TON-HCSHBH2" time="0.0">
  <properties/>
  <testcase name="testIm" classname="kind.time.cal.ImmutableCalendarTest" time="0.0"/>
  <system-out><![CDATA[]]></system-out>
  <system-err><![CDATA[]]></system-err>
</testsuite>
