<?xml version="1.0" encoding="UTF-8"?>
<testsuite name="kind.time.cal.SimpleUSLocaleDateTimeInfoTest" tests="4" skipped="0" failures="0" errors="0" timestamp="2020-10-29T14:55:17" hostname="TON-HCSHBH2" time="0.001">
  <properties/>
  <testcase name="testGetHoursInDayOnADSTEnd" classname="kind.time.cal.SimpleUSLocaleDateTimeInfoTest" time="0.0"/>
  <testcase name="testGetHoursInDayOnANonDST" classname="kind.time.cal.SimpleUSLocaleDateTimeInfoTest" time="0.0"/>
  <testcase name="testGetHoursInDayOnADSTStart" classname="kind.time.cal.SimpleUSLocaleDateTimeInfoTest" time="0.0"/>
  <testcase name="testGetLocale" classname="kind.time.cal.SimpleUSLocaleDateTimeInfoTest" time="0.0"/>
  <system-out><![CDATA[]]></system-out>
  <system-err><![CDATA[]]></system-err>
</testsuite>
