<?xml version="1.0" encoding="UTF-8"?>
<testsuite name="kind.time.cal.CalendarYearTest" tests="8" skipped="0" failures="0" errors="0" timestamp="2020-10-29T14:55:17" hostname="TON-HCSHBH2" time="0.017">
  <properties/>
  <testcase name="testGetAllCalendarDatesOnALeapYearContains366Dates" classname="kind.time.cal.CalendarYearTest" time="0.004"/>
  <testcase name="testGetAllCalendarDates" classname="kind.time.cal.CalendarYearTest" time="0.006"/>
  <testcase name="testGetMonth" classname="kind.time.cal.CalendarYearTest" time="0.001"/>
  <testcase name="testToInt" classname="kind.time.cal.CalendarYearTest" time="0.0"/>
  <testcase name="testGetAllCalendarDatesOnANonLeapYearContains365Dates" classname="kind.time.cal.CalendarYearTest" time="0.003"/>
  <testcase name="testGetAllCalenderMonths" classname="kind.time.cal.CalendarYearTest" time="0.0"/>
  <testcase name="testGetAllCalendarDatesOnLeapYears" classname="kind.time.cal.CalendarYearTest" time="0.003"/>
  <testcase name="testGetDayOfTheYear" classname="kind.time.cal.CalendarYearTest" time="0.0"/>
  <system-out><![CDATA[]]></system-out>
  <system-err><![CDATA[]]></system-err>
</testsuite>
