<?xml version="1.0" encoding="UTF-8"?>
<testsuite name="kind.time.cal.HolidayTest" tests="3" skipped="0" failures="0" errors="0" timestamp="2020-10-29T14:55:17" hostname="TON-HCSHBH2" time="0.0">
  <properties/>
  <testcase name="testGetDate" classname="kind.time.cal.HolidayTest" time="0.0"/>
  <testcase name="testGetName" classname="kind.time.cal.HolidayTest" time="0.0"/>
  <testcase name="testEqualsDate" classname="kind.time.cal.HolidayTest" time="0.0"/>
  <system-out><![CDATA[]]></system-out>
  <system-err><![CDATA[]]></system-err>
</testsuite>
