<?xml version="1.0" encoding="UTF-8"?>
<testsuite name="kind.time.cal.DateRangeTest" tests="6" skipped="0" failures="0" errors="0" timestamp="2020-10-29T14:55:17" hostname="TON-HCSHBH2" time="0.004">
  <properties/>
  <testcase name="testSetDateRangeWhenStartDateOrEndDateIsNull" classname="kind.time.cal.DateRangeTest" time="0.001"/>
  <testcase name="testContainsDate" classname="kind.time.cal.DateRangeTest" time="0.001"/>
  <testcase name="testGetDaysInRange" classname="kind.time.cal.DateRangeTest" time="0.001"/>
  <testcase name="testSetDateRangeWhenStartDateIsBeforeEndDate" classname="kind.time.cal.DateRangeTest" time="0.0"/>
  <testcase name="testSetDateRangeWhenStartDateIsAfterEndDate" classname="kind.time.cal.DateRangeTest" time="0.0"/>
  <testcase name="testGetDaysInRangeWhenIncludeStartDateInCount" classname="kind.time.cal.DateRangeTest" time="0.001"/>
  <system-out><![CDATA[]]></system-out>
  <system-err><![CDATA[]]></system-err>
</testsuite>
