<?xml version="1.0" encoding="UTF-8"?>
<testsuite name="kind.time.cal.CalendarCalculatorTest" tests="3" skipped="0" failures="0" errors="0" timestamp="2020-10-29T14:55:17" hostname="TON-HCSHBH2" time="0.003">
  <properties/>
  <testcase name="testDaysDifferenceWhenCrossingMonths" classname="kind.time.cal.CalendarCalculatorTest" time="0.002"/>
  <testcase name="testDaysDifferenceForYearsTimeFrame" classname="kind.time.cal.CalendarCalculatorTest" time="0.001"/>
  <testcase name="testDaysDifferenceWhenCrossingMonthsWithLeapYear" classname="kind.time.cal.CalendarCalculatorTest" time="0.0"/>
  <system-out><![CDATA[]]></system-out>
  <system-err><![CDATA[]]></system-err>
</testsuite>
