<?xml version="1.0" encoding="UTF-8"?>
<testsuite name="kind.time.tz.TimeZonesTest" tests="11" skipped="0" failures="0" errors="0" timestamp="2020-10-29T14:55:17" hostname="TON-HCSHBH2" time="0.006">
  <properties/>
  <testcase name="testAlaskaTimeZone" classname="kind.time.tz.TimeZonesTest" time="0.003"/>
  <testcase name="testPacificTimeZone" classname="kind.time.tz.TimeZonesTest" time="0.0"/>
  <testcase name="testMountainTimeZone" classname="kind.time.tz.TimeZonesTest" time="0.0"/>
  <testcase name="testEasternDayLightSavingsTimeZone" classname="kind.time.tz.TimeZonesTest" time="0.0"/>
  <testcase name="test" classname="kind.time.tz.TimeZonesTest" time="0.001"/>
  <testcase name="testMountainDayLightSavingsTimeZone" classname="kind.time.tz.TimeZonesTest" time="0.0"/>
  <testcase name="testCentralDaylightSavingsTimeZone" classname="kind.time.tz.TimeZonesTest" time="0.0"/>
  <testcase name="testHawaiiTimeZone" classname="kind.time.tz.TimeZonesTest" time="0.0"/>
  <testcase name="testAtlanticDaylightSavingsTimeZone" classname="kind.time.tz.TimeZonesTest" time="0.0"/>
  <testcase name="testEasternTimeZone" classname="kind.time.tz.TimeZonesTest" time="0.001"/>
  <testcase name="testAtlanticTimeZone" classname="kind.time.tz.TimeZonesTest" time="0.0"/>
  <system-out><![CDATA[]]></system-out>
  <system-err><![CDATA[]]></system-err>
</testsuite>
